<?xml version="1.0" encoding="UTF-8"?>
<testng-results skipped="0" failed="0" total="6" passed="6">
  <reporter-output>
  </reporter-output>
  <suite name="Suite" duration-ms="51532" started-at="2016-04-11T10:46:07Z" finished-at="2016-04-11T10:46:59Z">
    <groups>
    </groups>
    <test name="FirefoxTest" duration-ms="22221" started-at="2016-04-11T10:46:07Z" finished-at="2016-04-11T10:46:29Z">
      <class name="FinalEnv.Env.NewTest1">
        <test-method status="PASS" signature="setUp(java.lang.String)[pri:0, instance:FinalEnv.Env.NewTest1@68837a77]" name="setUp" is-config="true" duration-ms="8865" started-at="2016-04-11T16:16:16Z" finished-at="2016-04-11T16:16:25Z">
          <params>
            <param index="0">
              <value>
                <![CDATA[firefox]]>
              </value>
            </param>
          </params>
          <reporter-output>
          </reporter-output>
        </test-method> <!-- setUp -->
        <test-method status="PASS" signature="checkGmailTitle()[pri:0, instance:FinalEnv.Env.NewTest1@68837a77]" name="checkGmailTitle" duration-ms="4229" started-at="2016-04-11T16:16:25Z" finished-at="2016-04-11T16:16:29Z">
          <reporter-output>
          </reporter-output>
        </test-method> <!-- checkGmailTitle -->
        <test-method status="PASS" signature="tearDown()[pri:0, instance:FinalEnv.Env.NewTest1@68837a77]" name="tearDown" is-config="true" duration-ms="27" started-at="2016-04-11T16:16:29Z" finished-at="2016-04-11T16:16:29Z">
          <reporter-output>
          </reporter-output>
        </test-method> <!-- tearDown -->
      </class> <!-- FinalEnv.Env.NewTest1 -->
      <class name="FinalEnv.Env.NewTest">
        <test-method status="PASS" signature="setUp(java.lang.String)[pri:0, instance:FinalEnv.Env.NewTest@2d554825]" name="setUp" is-config="true" duration-ms="8926" started-at="2016-04-11T16:16:07Z" finished-at="2016-04-11T16:16:16Z">
          <params>
            <param index="0">
              <value>
                <![CDATA[firefox]]>
              </value>
            </param>
          </params>
          <reporter-output>
          </reporter-output>
        </test-method> <!-- setUp -->
        <test-method status="PASS" signature="checkGoogleTitle()[pri:0, instance:FinalEnv.Env.NewTest@2d554825]" name="checkGoogleTitle" duration-ms="126" started-at="2016-04-11T16:16:16Z" finished-at="2016-04-11T16:16:16Z">
          <reporter-output>
          </reporter-output>
        </test-method> <!-- checkGoogleTitle -->
        <test-method status="PASS" signature="tearDown()[pri:0, instance:FinalEnv.Env.NewTest@2d554825]" name="tearDown" is-config="true" duration-ms="26" started-at="2016-04-11T16:16:16Z" finished-at="2016-04-11T16:16:16Z">
          <reporter-output>
          </reporter-output>
        </test-method> <!-- tearDown -->
      </class> <!-- FinalEnv.Env.NewTest -->
    </test> <!-- FirefoxTest -->
    <test name="ChromeTest" duration-ms="15381" started-at="2016-04-11T10:46:29Z" finished-at="2016-04-11T10:46:45Z">
      <class name="FinalEnv.Env.NewTest1">
        <test-method status="PASS" signature="setUp(java.lang.String)[pri:0, instance:FinalEnv.Env.NewTest1@3551a94]" name="setUp" is-config="true" duration-ms="5695" started-at="2016-04-11T16:16:36Z" finished-at="2016-04-11T16:16:42Z">
          <params>
            <param index="0">
              <value>
                <![CDATA[chrome]]>
              </value>
            </param>
          </params>
          <reporter-output>
          </reporter-output>
        </test-method> <!-- setUp -->
        <test-method status="PASS" signature="checkGmailTitle()[pri:0, instance:FinalEnv.Env.NewTest1@3551a94]" name="checkGmailTitle" duration-ms="1386" started-at="2016-04-11T16:16:42Z" finished-at="2016-04-11T16:16:43Z">
          <reporter-output>
          </reporter-output>
        </test-method> <!-- checkGmailTitle -->
        <test-method status="PASS" signature="tearDown()[pri:0, instance:FinalEnv.Env.NewTest1@3551a94]" name="tearDown" is-config="true" duration-ms="1322" started-at="2016-04-11T16:16:43Z" finished-at="2016-04-11T16:16:45Z">
          <reporter-output>
          </reporter-output>
        </test-method> <!-- tearDown -->
      </class> <!-- FinalEnv.Env.NewTest1 -->
      <class name="FinalEnv.Env.NewTest">
        <test-method status="PASS" signature="setUp(java.lang.String)[pri:0, instance:FinalEnv.Env.NewTest@5a61f5df]" name="setUp" is-config="true" duration-ms="5624" started-at="2016-04-11T16:16:29Z" finished-at="2016-04-11T16:16:35Z">
          <params>
            <param index="0">
              <value>
                <![CDATA[chrome]]>
              </value>
            </param>
          </params>
          <reporter-output>
          </reporter-output>
        </test-method> <!-- setUp -->
        <test-method status="PASS" signature="checkGoogleTitle()[pri:0, instance:FinalEnv.Env.NewTest@5a61f5df]" name="checkGoogleTitle" duration-ms="14" started-at="2016-04-11T16:16:35Z" finished-at="2016-04-11T16:16:35Z">
          <reporter-output>
          </reporter-output>
        </test-method> <!-- checkGoogleTitle -->
        <test-method status="PASS" signature="tearDown()[pri:0, instance:FinalEnv.Env.NewTest@5a61f5df]" name="tearDown" is-config="true" duration-ms="1327" started-at="2016-04-11T16:16:35Z" finished-at="2016-04-11T16:16:36Z">
          <reporter-output>
          </reporter-output>
        </test-method> <!-- tearDown -->
      </class> <!-- FinalEnv.Env.NewTest -->
    </test> <!-- ChromeTest -->
    <test name="IETest" duration-ms="13870" started-at="2016-04-11T10:46:45Z" finished-at="2016-04-11T10:46:59Z">
      <class name="FinalEnv.Env.NewTest1">
        <test-method status="PASS" signature="setUp(java.lang.String)[pri:0, instance:FinalEnv.Env.NewTest1@234bef66]" name="setUp" is-config="true" duration-ms="6308" started-at="2016-04-11T16:16:51Z" finished-at="2016-04-11T16:16:57Z">
          <params>
            <param index="0">
              <value>
                <![CDATA[ie]]>
              </value>
            </param>
          </params>
          <reporter-output>
          </reporter-output>
        </test-method> <!-- setUp -->
        <test-method status="PASS" signature="checkGmailTitle()[pri:0, instance:FinalEnv.Env.NewTest1@234bef66]" name="checkGmailTitle" duration-ms="713" started-at="2016-04-11T16:16:57Z" finished-at="2016-04-11T16:16:58Z">
          <reporter-output>
          </reporter-output>
        </test-method> <!-- checkGmailTitle -->
        <test-method status="PASS" signature="tearDown()[pri:0, instance:FinalEnv.Env.NewTest1@234bef66]" name="tearDown" is-config="true" duration-ms="516" started-at="2016-04-11T16:16:58Z" finished-at="2016-04-11T16:16:59Z">
          <reporter-output>
          </reporter-output>
        </test-method> <!-- tearDown -->
      </class> <!-- FinalEnv.Env.NewTest1 -->
      <class name="FinalEnv.Env.NewTest">
        <test-method status="PASS" signature="setUp(java.lang.String)[pri:0, instance:FinalEnv.Env.NewTest@9f70c54]" name="setUp" is-config="true" duration-ms="6302" started-at="2016-04-11T16:16:45Z" finished-at="2016-04-11T16:16:51Z">
          <params>
            <param index="0">
              <value>
                <![CDATA[ie]]>
              </value>
            </param>
          </params>
          <reporter-output>
          </reporter-output>
        </test-method> <!-- setUp -->
        <test-method status="PASS" signature="checkGoogleTitle()[pri:0, instance:FinalEnv.Env.NewTest@9f70c54]" name="checkGoogleTitle" duration-ms="14" started-at="2016-04-11T16:16:51Z" finished-at="2016-04-11T16:16:51Z">
          <reporter-output>
          </reporter-output>
        </test-method> <!-- checkGoogleTitle -->
        <test-method status="PASS" signature="tearDown()[pri:0, instance:FinalEnv.Env.NewTest@9f70c54]" name="tearDown" is-config="true" duration-ms="14" started-at="2016-04-11T16:16:51Z" finished-at="2016-04-11T16:16:51Z">
          <reporter-output>
          </reporter-output>
        </test-method> <!-- tearDown -->
      </class> <!-- FinalEnv.Env.NewTest -->
    </test> <!-- IETest -->
  </suite> <!-- Suite -->
</testng-results>
